<?xml version="1.0" encoding="UTF-8"?>
<testsuite xmlns:xsi="http://www.w3.org/2001/XMLSchema-instance" xsi:noNamespaceSchemaLocation="https://maven.apache.org/surefire/maven-surefire-plugin/xsd/surefire-test-report-3.0.xsd" version="3.0" name="com.ym.restaurantservice.test.RestaurantControllerUnitTest" time="1.105" tests="6" errors="0" skipped="0" failures="0">
  <properties>
[...]
</properties>
  <testcase name="testFindAllRestaurant" classname="com.ym.restaurantservice.test.RestaurantControllerUnitTest" time="0.516">
    <system-out><![CDATA[2024-03-26T11:51:53.850+05:30  INFO 14716 --- [restaurant-service] [           main] t.c.s.AnnotationConfigContextLoaderUtils : Could not detect default configuration classes for test class [com.ym.restaurantservice.test.RestaurantControllerUnitTest]: RestaurantControllerUnitTest does not declare any static, non-private, non-final, nested classes annotated with @Configuration.
2024-03-26T11:51:53.871+05:30  INFO 14716 --- [restaurant-service] [           main] .b.t.c.SpringBootTestContextBootstrapper : Found @SpringBootConfiguration com.ym.restaurantservice.RestaurantServiceApplication for test class com.ym.restaurantservice.test.RestaurantControllerUnitTest

  .   ____          _            __ _ _
 /\\ / ___'_ __ _ _(_)_ __  __ _ \ \ \ \
( ( )\___ | '_ | '_| | '_ \/ _` | \ \ \ \
 \\/  ___)| |_)| | | | | || (_| |  ) ) ) )
  '  |____| .__|_| |_|_| |_\__, | / / / /
 =========|_|==============|___/=/_/_/_/
 :: Spring Boot ::                (v3.2.3)

2024-03-26T11:51:53.907+05:30  INFO 14716 --- [restaurant-service] [           main] c.y.r.test.RestaurantControllerUnitTest  : Starting RestaurantControllerUnitTest using Java 21.0.1 with PID 14716 (started by yasho in G:\projcetWebflux\restaurant-service\restaurant-service)
2024-03-26T11:51:53.907+05:30  INFO 14716 --- [restaurant-service] [           main] c.y.r.test.RestaurantControllerUnitTest  : No active profile set, falling back to 1 default profile: "default"
2024-03-26T11:51:54.300+05:30  INFO 14716 --- [restaurant-service] [           main] c.y.r.test.RestaurantControllerUnitTest  : Started RestaurantControllerUnitTest in 0.425 seconds (process running for 3.953)
]]></system-out>
  </testcase>
  <testcase name="testFindRestByName" classname="com.ym.restaurantservice.test.RestaurantControllerUnitTest" time="0.062">
    <system-out><![CDATA[2024-03-26T11:51:54.853+05:30  INFO 14716 --- [restaurant-service] [     parallel-2] reactor.Mono.SwitchIfEmpty.1             : onSubscribe(FluxSwitchIfEmpty.SwitchIfEmptySubscriber)
2024-03-26T11:51:54.855+05:30  INFO 14716 --- [restaurant-service] [     parallel-2] reactor.Mono.SwitchIfEmpty.1             : request(unbounded)
2024-03-26T11:51:54.856+05:30  INFO 14716 --- [restaurant-service] [     parallel-2] reactor.Mono.SwitchIfEmpty.1             : onNext(<200 OK OK,Restaurant(id=1, restaurantName=Truffles, location=sector1, type=veg, tables=[BookTable(tableNum=2, isAvailable=false), BookTable(tableNum=3, isAvailable=true)]),[]>)
2024-03-26T11:51:54.866+05:30  INFO 14716 --- [restaurant-service] [     parallel-2] reactor.Mono.SwitchIfEmpty.1             : onComplete()
]]></system-out>
  </testcase>
  <testcase name="testSaveRestaurant" classname="com.ym.restaurantservice.test.RestaurantControllerUnitTest" time="0.016">
    <system-out><![CDATA[2024-03-26T11:51:54.908+05:30  INFO 14716 --- [restaurant-service] [     parallel-3] reactor.Mono.SwitchIfEmpty.2             : onSubscribe(FluxSwitchIfEmpty.SwitchIfEmptySubscriber)
2024-03-26T11:51:54.908+05:30  INFO 14716 --- [restaurant-service] [     parallel-3] reactor.Mono.SwitchIfEmpty.2             : request(unbounded)
2024-03-26T11:51:54.908+05:30  INFO 14716 --- [restaurant-service] [     parallel-3] reactor.Mono.SwitchIfEmpty.2             : onNext(<201 CREATED Created,Restaurant(id=1, restaurantName=Truffles, location=sector1, type=veg, tables=[BookTable(tableNum=2, isAvailable=false), BookTable(tableNum=3, isAvailable=true)]),[]>)
2024-03-26T11:51:54.909+05:30  INFO 14716 --- [restaurant-service] [     parallel-3] reactor.Mono.SwitchIfEmpty.2             : onComplete()
]]></system-out>
  </testcase>
  <testcase name="testDeleteRestaurant" classname="com.ym.restaurantservice.test.RestaurantControllerUnitTest" time="0.015">
    <system-out><![CDATA[2024-03-26T11:51:54.919+05:30  INFO 14716 --- [restaurant-service] [     parallel-4] reactor.Mono.Empty.3                     : onSubscribe([Fuseable] Operators.EmptySubscription)
2024-03-26T11:51:54.919+05:30  INFO 14716 --- [restaurant-service] [     parallel-4] reactor.Mono.Empty.3                     : request(unbounded)
2024-03-26T11:51:54.919+05:30  INFO 14716 --- [restaurant-service] [     parallel-4] reactor.Mono.Empty.3                     : onComplete()
]]></system-out>
  </testcase>
  <testcase name="testUpdateRestaurant" classname="com.ym.restaurantservice.test.RestaurantControllerUnitTest" time="0.01">
    <system-out><![CDATA[2024-03-26T11:51:54.937+05:30  INFO 14716 --- [restaurant-service] [     parallel-5] reactor.Mono.MapFuseable.4               : | onSubscribe([Fuseable] FluxMapFuseable.MapFuseableSubscriber)
2024-03-26T11:51:54.937+05:30  INFO 14716 --- [restaurant-service] [     parallel-5] reactor.Mono.MapFuseable.4               : | request(unbounded)
2024-03-26T11:51:54.937+05:30  INFO 14716 --- [restaurant-service] [     parallel-5] reactor.Mono.MapFuseable.4               : | onNext(<200 OK OK,Restaurant(id=1, restaurantName=Truffles, location=sector1, type=veg, tables=[BookTable(tableNum=2, isAvailable=false), BookTable(tableNum=3, isAvailable=true)]),[]>)
2024-03-26T11:51:54.938+05:30  INFO 14716 --- [restaurant-service] [     parallel-5] reactor.Mono.MapFuseable.4               : | onComplete()
]]></system-out>
  </testcase>
  <testcase name="testGetByTable" classname="com.ym.restaurantservice.test.RestaurantControllerUnitTest" time="0.007">
    <system-out><![CDATA[2024-03-26T11:51:54.946+05:30  INFO 14716 --- [restaurant-service] [     parallel-6] reactor.Mono.SwitchIfEmpty.5             : onSubscribe(FluxSwitchIfEmpty.SwitchIfEmptySubscriber)
2024-03-26T11:51:54.946+05:30  INFO 14716 --- [restaurant-service] [     parallel-6] reactor.Mono.SwitchIfEmpty.5             : request(unbounded)
2024-03-26T11:51:54.947+05:30  INFO 14716 --- [restaurant-service] [     parallel-6] reactor.Mono.SwitchIfEmpty.5             : onNext(<200 OK OK,[Restaurant(id=1, restaurantName=Truffles, location=sector1, type=veg, tables=[BookTable(tableNum=2, isAvailable=false), BookTable(tableNum=3, isAvailable=true)]), Restaurant(id=1, restaurantName=A2b, location=sector1, type=veg, tables=[BookTable(tableNum=2, isAvailable=false), BookTable(tableNum=3, isAvailable=true)]), Restaurant(id=1, restaurantName=Udupi, location=sector1, type=veg, tables=[BookTable(tableNum=2, isAvailable=false), BookTable(tableNum=3, isAvailable=false)])],[]>)
2024-03-26T11:51:54.947+05:30  INFO 14716 --- [restaurant-service] [     parallel-6] reactor.Mono.SwitchIfEmpty.5             : onComplete()
]]></system-out>
  </testcase>
</testsuite>